Vivado Simulator 2020.2
Copyright 1986-1999, 2001-2020 Xilinx, Inc. All Rights Reserved.
Running: F:/Xilinx/Vivado/2020.2/bin/unwrapped/win64.o/xelab.exe -wto 73153b853cf641498b49d3879c06d867 --incr --debug typical --relax --mt 2 -L xil_defaultlib -L secureip --snapshot spike_layer_tb_behav xil_defaultlib.spike_layer_tb -log elaborate.log 
Using 2 slave threads.
Starting static elaboration
Completed static elaboration
Starting simulation data flow analysis
Completed simulation data flow analysis
Time Resolution for simulation is 1ps
Compiling package std.standard
Compiling package std.textio
Compiling package ieee.std_logic_1164
Compiling package ieee.numeric_std
Compiling package ieee.std_logic_arith
Compiling package ieee.std_logic_unsigned
Compiling architecture behavioral of entity xil_defaultlib.conv_buffer [\conv_buffer(max_img_width=128,m...]
Compiling architecture behavioral of entity xil_defaultlib.pixbuf [\pixbuf(max_img_width=128,max_im...]
Compiling architecture behavioral of entity xil_defaultlib.conv2d [\conv2d(max_img_width=128,max_im...]
Compiling architecture behavioral of entity xil_defaultlib.rgb_combiner [\rgb_combiner(max_img_width=128,...]
Compiling architecture behavioral of entity xil_defaultlib.spiking_activation_layer [\spiking_activation_layer(max_im...]
Compiling architecture behavioral of entity xil_defaultlib.spike_layer_tb
Built simulation snapshot spike_layer_tb_behav
